<?xml version="1.0" encoding="UTF-8"?>
<!-- Generated by org.testng.reporters.JUnitReportReporter -->
<testsuite hostname="cgvak-lt178" failures="0" tests="1" name="com.share.info.sharemarket.App" time="1.182" errors="0" timestamp="2022-10-30T19:21:26 IST" skipped="0">
  <testcase classname="com.share.info.sharemarket.App" name="getInfo" time="1.182"/>
  <system-out/>
</testsuite> <!-- com.share.info.sharemarket.App -->
